<?xml version="1.0" encoding="UTF-8"?>
<coverage generated="1643009033307" clover="3.2.0">
  <project timestamp="1643009033307" name="All files">
    <metrics statements="12" coveredstatements="11" conditionals="9" coveredconditionals="8" methods="1" coveredmethods="1" elements="22" coveredelements="20" complexity="0" loc="12" ncloc="12" packages="1" files="1" classes="1"/>
    <file name="task1.js" path="/home/tr-torch/Documents/course_project_1/Homework/1.3/task1.js">
      <metrics statements="12" coveredstatements="11" conditionals="9" coveredconditionals="8" methods="1" coveredmethods="1"/>
      <line num="2" count="1" type="stmt"/>
      <line num="3" count="6" type="cond" truecount="3" falsecount="1"/>
      <line num="4" count="0" type="stmt"/>
      <line num="6" count="6" type="stmt"/>
      <line num="7" count="6" type="stmt"/>
      <line num="8" count="6" type="cond" truecount="5" falsecount="0"/>
      <line num="10" count="1" type="stmt"/>
      <line num="13" count="1" type="stmt"/>
      <line num="16" count="1" type="stmt"/>
      <line num="19" count="1" type="stmt"/>
      <line num="22" count="2" type="stmt"/>
      <line num="26" count="1" type="stmt"/>
    </file>
  </project>
</coverage>
