{"/home/tr-torch/Documents/course_project_1/Homework/1.3/task1.js": {"path":"/home/tr-torch/Documents/course_project_1/Homework/1.3/task1.js","statementMap":{"0":{"start":{"line":2,"column":23},"end":{"line":24,"column":1}},"1":{"start":{"line":3,"column":4},"end":{"line":5,"column":5}},"2":{"start":{"line":4,"column":8},"end":{"line":4,"column":16}},"3":{"start":{"line":6,"column":15},"end":{"line":6,"column":26}},"4":{"start":{"line":7,"column":15},"end":{"line":7,"column":26}},"5":{"start":{"line":8,"column":4},"end":{"line":23,"column":5}},"6":{"start":{"line":10,"column":12},"end":{"line":10,"column":30}},"7":{"start":{"line":13,"column":12},"end":{"line":13,"column":30}},"8":{"start":{"line":16,"column":12},"end":{"line":16,"column":30}},"9":{"start":{"line":19,"column":12},"end":{"line":19,"column":30}},"10":{"start":{"line":22,"column":12},"end":{"line":22,"column":20}},"11":{"start":{"line":26,"column":0},"end":{"line":26,"column":32}}},"fnMap":{"0":{"name":"(anonymous_0)","decl":{"start":{"line":2,"column":23},"end":{"line":2,"column":24}},"loc":{"start":{"line":2,"column":44},"end":{"line":24,"column":1}},"line":2}},"branchMap":{"0":{"loc":{"start":{"line":3,"column":4},"end":{"line":5,"column":5}},"type":"if","locations":[{"start":{"line":3,"column":4},"end":{"line":5,"column":5}},{"start":{},"end":{}}],"line":3},"1":{"loc":{"start":{"line":3,"column":8},"end":{"line":3,"column":28}},"type":"binary-expr","locations":[{"start":{"line":3,"column":8},"end":{"line":3,"column":16}},{"start":{"line":3,"column":20},"end":{"line":3,"column":28}}],"line":3},"2":{"loc":{"start":{"line":8,"column":4},"end":{"line":23,"column":5}},"type":"switch","locations":[{"start":{"line":9,"column":8},"end":{"line":10,"column":30}},{"start":{"line":12,"column":8},"end":{"line":13,"column":30}},{"start":{"line":15,"column":8},"end":{"line":16,"column":30}},{"start":{"line":18,"column":8},"end":{"line":19,"column":30}},{"start":{"line":21,"column":8},"end":{"line":22,"column":20}}],"line":8}},"s":{"0":1,"1":6,"2":0,"3":6,"4":6,"5":6,"6":1,"7":1,"8":1,"9":1,"10":2,"11":1},"f":{"0":6},"b":{"0":[0,6],"1":[6,6],"2":[1,1,1,1,2]},"_coverageSchema":"1a1c01bbd47fc00a2c39e90264f33305004495a9","hash":"db89fad88c797310543852d361c6ca971b11caf6"}
}
